2020-12-29 23:53:35 o.s.b.d.e.DevToolsPropertyDefaultsPostProcessor - Devtools property defaults active! Set 'spring.devtools.add-properties' to 'false' to disable
2020-12-29 23:53:35 o.s.b.d.e.DevToolsPropertyDefaultsPostProcessor - For additional web related logging consider setting the 'logging.level.web' property to 'DEBUG'
2020-12-29 23:53:36 o.s.d.r.c.RepositoryConfigurationDelegate - Bootstrapping Spring Data JPA repositories in DEFERRED mode.
2020-12-29 23:53:36 o.s.d.r.c.RepositoryConfigurationDelegate - Finished Spring Data repository scanning in 85 ms. Found 2 JPA repository interfaces.
2020-12-29 23:53:37 o.s.b.w.e.tomcat.TomcatWebServer - Tomcat initialized with port(s): 9000 (http)
2020-12-29 23:53:37 o.a.catalina.core.StandardService - Starting service [Tomcat]
2020-12-29 23:53:37 o.a.catalina.core.StandardEngine - Starting Servlet engine: [Apache Tomcat/9.0.39]
2020-12-29 23:53:37 o.a.c.c.C.[Tomcat].[localhost].[/] - Initializing Spring embedded WebApplicationContext
2020-12-29 23:53:37 o.s.b.w.s.c.ServletWebServerApplicationContext - Root WebApplicationContext: initialization completed in 2319 ms
2020-12-29 23:53:37 com.zaxxer.hikari.HikariDataSource - HikariPool-1 - Starting...
2020-12-29 23:53:38 com.zaxxer.hikari.HikariDataSource - HikariPool-1 - Start completed.
2020-12-29 23:53:38 o.s.b.a.h.H2ConsoleAutoConfiguration - H2 console available at '/h2-console'. Database available at 'jdbc:postgresql://ec2-52-5-176-53.compute-1.amazonaws.com:5432/d4du0bcbrchd6a'
2020-12-29 23:53:38 o.s.s.c.ThreadPoolTaskExecutor - Initializing ExecutorService 'applicationTaskExecutor'
2020-12-29 23:53:38 o.h.jpa.internal.util.LogHelper - HHH000204: Processing PersistenceUnitInfo [name: default]
2020-12-29 23:53:38 o.s.b.a.o.j.JpaBaseConfiguration$JpaWebConfiguration - spring.jpa.open-in-view is enabled by default. Therefore, database queries may be performed during view rendering. Explicitly configure spring.jpa.open-in-view to disable this warning
2020-12-29 23:53:38 org.hibernate.Version - HHH000412: Hibernate ORM core version 5.4.23.Final
2020-12-29 23:53:38 o.h.annotations.common.Version - HCANN000001: Hibernate Commons Annotations {5.1.2.Final}
2020-12-29 23:53:38 o.s.b.a.w.s.WelcomePageHandlerMapping - Adding welcome page: class path resource [static/index.html]
2020-12-29 23:53:39 org.hibernate.dialect.Dialect - HHH000400: Using dialect: org.hibernate.dialect.PostgreSQL10Dialect
2020-12-29 23:53:40 o.h.e.t.j.p.i.JtaPlatformInitiator - HHH000490: Using JtaPlatform implementation: [org.hibernate.engine.transaction.jta.platform.internal.NoJtaPlatform]
2020-12-29 23:53:41 o.s.o.j.LocalContainerEntityManagerFactoryBean - Initialized JPA EntityManagerFactory for persistence unit 'default'
2020-12-29 23:54:03 o.s.b.d.a.OptionalLiveReloadServer - LiveReload server is running on port 35729
2020-12-29 23:54:04 o.s.b.w.e.tomcat.TomcatWebServer - Tomcat started on port(s): 9000 (http) with context path ''
2020-12-29 23:54:04 o.s.d.r.c.DeferredRepositoryInitializationListener - Triggering deferred initialization of Spring Data repositories…
2020-12-29 23:54:04 o.s.d.r.c.DeferredRepositoryInitializationListener - Spring Data repositories initialized!
2020-12-29 23:54:04 o.h.e.jdbc.spi.SqlExceptionHelper - SQL Error: 0, SQLState: 23505
2020-12-29 23:54:04 o.h.e.jdbc.spi.SqlExceptionHelper - ERROR: duplicate key value violates unique constraint "uk_6b1eh5elhkadxefbhb68l5fm3"
  Detail: Key (email)=(master@gmail.com) already exists.
2020-12-29 23:54:04 o.s.b.a.l.ConditionEvaluationReportLoggingListener - 

Error starting ApplicationContext. To display the conditions report re-run your application with 'debug' enabled.
2020-12-29 23:54:04 o.s.boot.SpringApplication - Application run failed
java.lang.IllegalStateException: Failed to execute CommandLineRunner
	at org.springframework.boot.SpringApplication.callRunner(SpringApplication.java:807)
	at org.springframework.boot.SpringApplication.callRunners(SpringApplication.java:788)
	at org.springframework.boot.SpringApplication.run(SpringApplication.java:333)
	at org.springframework.boot.SpringApplication.run(SpringApplication.java:1309)
	at org.springframework.boot.SpringApplication.run(SpringApplication.java:1298)
	at com.sfofana.bank.bank.BankApplication.main(BankApplication.java:18)
	at java.base/jdk.internal.reflect.NativeMethodAccessorImpl.invoke0(Native Method)
	at java.base/jdk.internal.reflect.NativeMethodAccessorImpl.invoke(NativeMethodAccessorImpl.java:62)
	at java.base/jdk.internal.reflect.DelegatingMethodAccessorImpl.invoke(DelegatingMethodAccessorImpl.java:43)
	at java.base/java.lang.reflect.Method.invoke(Method.java:567)
	at org.springframework.boot.devtools.restart.RestartLauncher.run(RestartLauncher.java:49)
Caused by: com.sfofana.bank.bank.exception.BusinessException: Internal server error.. Please contact for support
	at com.sfofana.bank.bank.service.UserService.register(UserService.java:59)
	at com.sfofana.bank.bank.BankApplication.run(BankApplication.java:31)
	at org.springframework.boot.SpringApplication.callRunner(SpringApplication.java:804)
	... 10 common frames omitted
2020-12-29 23:54:29 o.s.o.j.LocalContainerEntityManagerFactoryBean - Closing JPA EntityManagerFactory for persistence unit 'default'
2020-12-29 23:54:29 o.s.s.c.ThreadPoolTaskExecutor - Shutting down ExecutorService 'applicationTaskExecutor'
2020-12-29 23:54:29 com.zaxxer.hikari.HikariDataSource - HikariPool-1 - Shutdown initiated...
2020-12-29 23:54:29 com.zaxxer.hikari.HikariDataSource - HikariPool-1 - Shutdown completed.
